2015-06-11 23:17:23,452: INFO: MainThread: Logging in.
2015-06-11 23:17:26,275: INFO: MainThread: Logged in.
2015-06-11 23:17:26,275: INFO: message_sender: Worker thread reporting for duty.
2015-06-11 23:17:39,322: INFO: message_sender: Now serving customer 1, ('send', '22622', u'@michaelpri Welcome')
2015-06-11 23:19:37,286: INFO: MainThread: Logging in.
2015-06-11 23:19:41,673: INFO: MainThread: Logged in.
2015-06-11 23:19:41,674: INFO: message_sender: Worker thread reporting for duty.
2015-06-11 23:20:40,246: INFO: message_sender: Now serving customer 1, ('send', '22622', 'hello')
2015-06-11 23:22:22,112: INFO: MainThread: Logging in.
2015-06-11 23:22:24,639: INFO: MainThread: Logged in.
2015-06-11 23:22:24,639: INFO: message_sender: Worker thread reporting for duty.
2015-06-11 23:30:19,769: INFO: MainThread: Logging in.
2015-06-11 23:30:22,913: INFO: MainThread: Logged in.
2015-06-11 23:30:22,913: INFO: message_sender: Worker thread reporting for duty.
2015-06-11 23:32:15,037: INFO: MainThread: Logging in.
2015-06-11 23:32:20,477: INFO: MainThread: Logged in.
2015-06-11 23:32:20,478: INFO: message_sender: Worker thread reporting for duty.
2015-06-11 23:33:00,784: INFO: message_sender: Now serving customer 1, ('send', '22622', '//upload.wikimedia.org/wikipedia/commons/thumb/3/3a/Cat03.jpg/28px-Cat03.jpg')
2015-06-11 23:36:09,272: INFO: MainThread: Logging in.
2015-06-11 23:36:12,145: INFO: MainThread: Logged in.
2015-06-11 23:36:12,145: INFO: message_sender: Worker thread reporting for duty.
2015-06-11 23:36:12,448: INFO: message_sender: Now serving customer 1, ('send', '22622', "I'm alive :)")
2015-06-11 23:36:52,822: INFO: MainThread: Logging in.
2015-06-11 23:36:55,269: INFO: MainThread: Logged in.
2015-06-11 23:36:55,269: INFO: message_sender: Worker thread reporting for duty.
2015-06-11 23:36:55,573: INFO: message_sender: Now serving customer 1, ('send', '22622', "I'm alive :)")
2015-06-11 23:37:00,719: INFO: message_sender: Now serving customer 2, ('send', '22622', u'@TPCyborg Hey')
2015-06-11 23:40:04,004: INFO: MainThread: Logging in.
2015-06-11 23:40:07,076: INFO: MainThread: Logged in.
2015-06-11 23:40:07,076: INFO: message_sender: Worker thread reporting for duty.
2015-06-11 23:40:07,380: INFO: message_sender: Now serving customer 1, ('send', '22622', "I'm alive :)")
2015-06-11 23:40:20,514: INFO: message_sender: Now serving customer 2, ('send', '22622', 'https://upload.wikimedia.org/wikipedia/commons/thumb/8/8a/Laitche-P013.jpg/220px-Laitche-P013.jpg')
2015-06-11 23:43:29,069: INFO: MainThread: Logging in.
2015-06-11 23:43:31,841: INFO: MainThread: Logged in.
2015-06-11 23:43:31,841: INFO: message_sender: Worker thread reporting for duty.
2015-06-11 23:43:32,135: INFO: message_sender: Now serving customer 1, ('send', '22622', "I'm alive :)")
2015-06-11 23:43:39,884: INFO: message_sender: Now serving customer 2, ('send', '22622', 'https://upload.wikimedia.org/wikipedia/commons/thumb/3/31/DetailofTheImperialPrinceandhisdogNerobyJean-BaptisteCarpeaux1865MarbleMuseed%27Orsaymharrsch.jpg/130px-DetailofTheImperialPrinceandhisdogNerobyJean-BaptisteCarpeaux1865MarbleMuseed%27Orsaymharrsch.jpg')
2015-06-11 23:43:52,786: INFO: message_sender: Now serving customer 3, ('send', '22622', 'https://upload.wikimedia.org/wikipedia/commons/thumb/e/e2/Black_Cat_Nala.jpg/402px-Black_Cat_Nala.jpg')
2015-06-11 23:44:09,813: INFO: message_sender: Now serving customer 4, ('send', '22622', 'https://upload.wikimedia.org/wikipedia/commons/thumb/7/76/TapetumLucidum.JPG/220px-TapetumLucidum.JPG')
2015-06-11 23:44:33,131: INFO: message_sender: Now serving customer 5, ('send', '22622', 'https://upload.wikimedia.org/wikipedia/commons/thumb/a/ae/AfricanWildCat.jpg/220px-AfricanWildCat.jpg')
2015-06-11 23:46:12,366: INFO: MainThread: Logging in.
2015-06-11 23:46:15,013: INFO: MainThread: Logged in.
2015-06-11 23:46:15,013: INFO: message_sender: Worker thread reporting for duty.
2015-06-11 23:46:15,330: INFO: message_sender: Now serving customer 1, ('send', '22622', "I'm alive :)")
2015-06-11 23:46:25,358: INFO: message_sender: Now serving customer 2, ('send', '22622', 'https://upload.wikimedia.org/wikipedia/commons/thumb/f/f4/Jackal_Cape_cross_2009.JPG/220px-Jackal_Cape_cross_2009.JPG')
2015-06-11 23:47:16,363: INFO: message_sender: Now serving customer 3, ('send', '22622', 'hey')
2015-06-11 23:48:23,845: INFO: MainThread: Logging in.
2015-06-11 23:48:26,338: INFO: MainThread: Logged in.
2015-06-11 23:48:26,339: INFO: message_sender: Worker thread reporting for duty.
2015-06-11 23:48:26,658: INFO: message_sender: Now serving customer 1, ('send', '22622', "I'm alive :)")
2015-06-11 23:49:30,364: INFO: MainThread: Logging in.
2015-06-11 23:49:32,851: INFO: MainThread: Logged in.
2015-06-11 23:49:32,852: INFO: message_sender: Worker thread reporting for duty.
2015-06-11 23:49:33,152: INFO: message_sender: Now serving customer 1, ('send', '22622', "I'm alive :)")
2015-06-11 23:49:46,343: INFO: message_sender: Now serving customer 2, ('send', '22622', 'https://upload.wikimedia.org/wikipedia/commons/thumb/e/e3/Rod_of_Asclepius2.svg/6px-Rod_of_Asclepius2.svg.png')
2015-06-11 23:51:27,600: INFO: MainThread: Logging in.
2015-06-11 23:51:32,149: INFO: MainThread: Logged in.
2015-06-11 23:51:32,150: INFO: message_sender: Worker thread reporting for duty.
2015-06-11 23:51:32,490: INFO: message_sender: Now serving customer 1, ('send', '22622', "I'm alive :)")
2015-06-11 23:51:42,567: INFO: message_sender: Now serving customer 2, ('send', '22622', 'https://upload.wikimedia.org/wikipedia/commons/thumb/e/e3/Rod_of_Asclepius2.svg/8px-Rod_of_Asclepius2.svg.png')
2015-06-11 23:51:56,780: INFO: message_sender: Now serving customer 3, ('send', '22622', 'https://upload.wikimedia.org/wikipedia/commons/thumb/9/97/Feral_cat_Virginia_crop.jpg/170px-Feral_cat_Virginia_crop.jpg')
2015-06-11 23:53:29,577: INFO: message_sender: Now serving customer 4, ('send', '22622', '!!_image french open')
2015-06-11 23:54:11,757: INFO: MainThread: Logging in.
2015-06-11 23:54:14,556: INFO: MainThread: Logged in.
2015-06-11 23:54:14,556: INFO: message_sender: Worker thread reporting for duty.
2015-06-11 23:54:15,041: INFO: message_sender: Now serving customer 1, ('send', '22622', "I'm alive :)")
2015-06-11 23:56:13,964: INFO: message_sender: Now serving customer 2, ('send', '22622', 'I am working ')
